生成启动时间为 2014/4/27 10:53:59。
     1>项目“D:\CodingFile&Projects\智能交通中的车辆属性的描述及应用  邢璐   入围\基于视频的车辆特征识别系统\基于视频的车辆特征识别系统\基于视频的车辆特征识别系统.vcxproj”在节点 2 上(build 个目标)。
     1>InitializeBuildStatus:
         正在创建“Debug\基于视频的车辆特征识别系统.unsuccessfulbuild”，因为已指定“AlwaysCreate”。
       ClCompile:
         所有输出均为最新。
         所有输出均为最新。
       ResourceCompile:
         所有输出均为最新。
       ManifestResourceCompile:
         所有输出均为最新。
       Link:
         所有输出均为最新。
       Manifest:
         C:\Program Files (x86)\Microsoft SDKs\Windows\v7.0A\bin\mt.exe /nologo /verbose /out:"Debug\基于视频的车辆特征识别系统.exe.embed.manifest" /manifest "Debug\基于视频的车辆特征识别系统.exe.intermediate.manifest" "C:\Program Files (x86)\Microsoft Visual Studio 10.0\VC\Include\Manifest\dpiaware.manifest"
         所有输出均为最新。
       FinalizeBuildStatus:
         正在删除文件“Debug\基于视频的车辆特征识别系统.unsuccessfulbuild”。
         正在对“Debug\基于视频的车辆特征识别系统.lastbuildstate”执行 Touch 任务。
     1>已完成生成项目“D:\CodingFile&Projects\智能交通中的车辆属性的描述及应用  邢璐   入围\基于视频的车辆特征识别系统\基于视频的车辆特征识别系统\基于视频的车辆特征识别系统.vcxproj”(build 个目标)的操作。

生成成功。

已用时间 00:00:00.92
